2025-07-06 01:22:33 at67 EDIT Clock3_ROMv5a_64k.gt1
2025-07-06 01:23:38  SCREENSHOT Clock3_ROMv5a_64k.gt1
2025-07-06 01:23:44  SCREENSHOT Clock3_ROMv5a_64k.gt1
2025-07-06 01:27:52  SCREENSHOT Clock3_ROMv5a_64k.gt1
2025-07-06 01:31:38 username SCREENSHOT filename
2025-07-06 01:33:16 username SCREENSHOT filename 1024
2025-07-06 01:33:33 username SCREENSHOT filename 1024
2025-07-06 01:34:51 username SCREENSHOT filename 1024
2025-07-06 01:35:56 username SCREENSHOT filename 1024
2025-07-06 01:36:49 username SCREENSHOT classic filename 1024
2025-07-06 01:40:09 username SCREENSHOT classic tinymaze.gt1 1024
2025-07-06 01:44:52 username SCREENSHOT classic tinymaze.gt1 1024
2025-07-06 01:45:26 username SCREENSHOT classic  tinymaze.gt1 1024
2025-07-06 01:48:42 username SCREENSHOT classic  tinymaze.gt1 1024
2025-07-06 01:50:08  SCREENSHOT classic  tinymaze.gt1 1024
2025-07-06 01:50:12  SCREENSHOT classic  tinymaze.gt1 1024
2025-07-06 01:51:32 at67 SCREENSHOT classic  tinymaze.gt1 1024
2025-07-06 01:52:35 SCREENSHOT classic  tinymaze.gt1 22237 at67
2025-07-06 01:57:55 SCREENSHOT classic  tinymaze.gt1 screenshot.png 21905 at67
2025-07-06 02:01:00 SCREENSHOT classic  tinymaze.gt1 tinymaze.png 21734 at67
2025-07-06 02:03:11 SCREENSHOT classic  tinymaze.gt1 tinymaze.png 21208 at67
2025-07-06 02:03:45 SCREENSHOT roms   ROMvX0.png 12722 at67
2025-07-06 02:05:19 CREATE 6502 11111111.gt1  at67 5143 ./
2025-07-06 02:10:26 SCREENSHOT 6502  11111111.gt1 11111111.png 11651 at67
2025-07-06 02:10:33 EDIT 6502  11111111.gt1  5143 at67
2025-07-06 02:10:39 DELETE 6502  11111111.gt1  5143 at67
2025-07-06 02:12:51 SCREENSHOT roms  ROMvX0.rom ROMvX0.png 12695 at67
